<?xml version="1.0" encoding="UTF-8"?>
<!-- Generated by org.testng.reporters.JUnitXMLReporter -->
<testsuite ignored="1" hostname="DESKTOP-TIMMDPM" failures="0" tests="3" name="Default test" time="0.603" errors="0" timestamp="2024-04-22T14:55:42 IST">
  <testcase classname="TestNG_Keywords.Enabled_false" name="test1" time="0.153"/>
  <testcase classname="TestNG_Keywords.Enabled_false" name="test3" time="0.018"/>
  <testcase classname="TestNG_Keywords.Enabled_false" name="test2" time="0.019"/>
  <testcase classname="TestNG_Keywords.Enabled_false" name="test" time="0.0">
    <ignored/>
  </testcase> <!-- test -->
</testsuite> <!-- Default test -->
